Info: Nothing to build for TP1
20:01:55 **** Incremental Build of configuration Debug for project TP1 ****
Info: Internal Builder is used for build
gcc -O0 -g3 -Wall -c -fmessage-length=0 -o "src\\funciones.o" "..\\src\\funciones.c" 
gcc -o TP1.exe "src\\TP1.o" "src\\funciones.o" 
Info: Nothing to build for TP1
20:10:10 **** Incremental Build of configuration Debug for project TP1 ****
Info: Internal Builder is used for build
gcc -O0 -g3 -Wall -c -fmessage-length=0 -o "src\\funciones.o" "..\\src\\funciones.c" 
..\src\funciones.c: In function 'menu':
..\src\funciones.c:61:35: warning: passing argument 1 of 'ingreseKm' makes integer from pointer without a cast [-Wint-conversion]
   61 |                         ingreseKm(&flagKm,&kilometro);
      |                                   ^~~~~~~
      |                                   |
      |                                   int *
In file included from ..\src\funciones.c:10:
..\src\funciones.h:15:19: note: expected 'int' but argument is of type 'int *'
   15 | int ingreseKm(int x);
      |               ~~~~^
..\src\funciones.c:61:25: error: too many arguments to function 'ingreseKm'
   61 |                         ingreseKm(&flagKm,&kilometro);
      |                         ^~~~~~~~~
In file included from ..\src\funciones.c:10:
..\src\funciones.h:15:5: note: declared here
   15 | int ingreseKm(int x);
      |     ^~~~~~~~~
..\src\funciones.c: In function 'ingreseKm':
..\src\funciones.c:104:21: warning: comparison between pointer and integer
  104 |         if(valideKm == 1)
      |                     ^~
..\src\funciones.c:107:25: warning: format '%d' expects argument of type 'int *', but argument 2 has type 'int' [-Wformat=]
  107 |                 scanf("%d", x);
      |                        ~^   ~
      |                         |   |
      |                         |   int
      |                         int *
20:10:17 **** Incremental Build of configuration Debug for project TP1 ****
Info: Internal Builder is used for build
gcc -O0 -g3 -Wall -c -fmessage-length=0 -o "src\\funciones.o" "..\\src\\funciones.c" 
..\src\funciones.c: In function 'menu':
..\src\funciones.c:61:35: warning: passing argument 1 of 'ingreseKm' makes integer from pointer without a cast [-Wint-conversion]
   61 |                         ingreseKm(&flagKm,&kilometro);
      |                                   ^~~~~~~
      |                                   |
      |                                   int *
In file included from ..\src\funciones.c:10:
..\src\funciones.h:15:19: note: expected 'int' but argument is of type 'int *'
   15 | int ingreseKm(int x);
      |               ~~~~^
..\src\funciones.c:61:25: error: too many arguments to function 'ingreseKm'
   61 |                         ingreseKm(&flagKm,&kilometro);
      |                         ^~~~~~~~~
In file included from ..\src\funciones.c:10:
..\src\funciones.h:15:5: note: declared here
   15 | int ingreseKm(int x);
      |     ^~~~~~~~~
..\src\funciones.c: In function 'ingreseKm':
..\src\funciones.c:104:21: warning: comparison between pointer and integer
  104 |         if(valideKm == 1)
      |                     ^~
20:11:54 **** Incremental Build of configuration Debug for project TP1 ****
Info: Internal Builder is used for build
gcc -O0 -g3 -Wall -c -fmessage-length=0 -o "src\\TP1.o" "..\\src\\TP1.c" 
gcc -O0 -g3 -Wall -c -fmessage-length=0 -o "src\\funciones.o" "..\\src\\funciones.c" 
..\src\funciones.c: In function 'menu':
..\src\funciones.c:61:35: warning: passing argument 1 of 'ingreseKm' makes integer from pointer without a cast [-Wint-conversion]
   61 |                         ingreseKm(&flagKm,&kilometro);
      |                                   ^~~~~~~
      |                                   |
      |                                   int *
In file included from ..\src\funciones.c:10:
..\src\funciones.h:15:19: note: expected 'int' but argument is of type 'int *'
   15 | int ingreseKm(int x);
      |               ~~~~^
..\src\funciones.c:61:25: error: too many arguments to function 'ingreseKm'
   61 |                         ingreseKm(&flagKm,&kilometro);
      |                         ^~~~~~~~~
In file included from ..\src\funciones.c:10:
..\src\funciones.h:15:5: note: declared here
   15 | int ingreseKm(int x);
      |     ^~~~~~~~~
..\src\funciones.c: At top level:
..\src\funciones.c:102:5: error: conflicting types for 'ingreseKm'; have 'int(int,  int *)'
  102 | int ingreseKm(int x, int* pFlag)
      |     ^~~~~~~~~
In file included from ..\src\funciones.c:10:
..\src\funciones.h:15:5: note: previous declaration of 'ingreseKm' with type 'int(int)'
   15 | int ingreseKm(int x);
      |     ^~~~~~~~~
20:12:23 **** Incremental Build of configuration Debug for project TP1 ****
Info: Internal Builder is used for build
gcc -O0 -g3 -Wall -c -fmessage-length=0 -o "src\\funciones.o" "..\\src\\funciones.c" 
..\src\funciones.c: In function 'menu':
..\src\funciones.c:61:25: error: too many arguments to function 'ingreseKm'
   61 |                         ingreseKm(kilometro,&flagKm);
      |                         ^~~~~~~~~
In file included from ..\src\funciones.c:10:
..\src\funciones.h:15:5: note: declared here
   15 | int ingreseKm(int x);
      |     ^~~~~~~~~
..\src\funciones.c: At top level:
..\src\funciones.c:102:5: error: conflicting types for 'ingreseKm'; have 'int(int,  int *)'
  102 | int ingreseKm(int x, int* pFlag)
      |     ^~~~~~~~~
In file included from ..\src\funciones.c:10:
..\src\funciones.h:15:5: note: previous declaration of 'ingreseKm' with type 'int(int)'
   15 | int ingreseKm(int x);
      |     ^~~~~~~~~
20:12:53 **** Incremental Build of configuration Debug for project TP1 ****
Info: Internal Builder is used for build
gcc -O0 -g3 -Wall -c -fmessage-length=0 -o "src\\TP1.o" "..\\src\\TP1.c" 
gcc -O0 -g3 -Wall -c -fmessage-length=0 -o "src\\funciones.o" "..\\src\\funciones.c" 
..\src\funciones.c: In function 'menu':
..\src\funciones.c:22:21: warning: 'kilometro' is used uninitialized [-Wuninitialized]
   22 |                     printf("1- Ingresar kilometros: (km = %d)\n",kilometro);
      |                     ^~~~~~~~~~~~~~~~~~~~~~~~~~~~~~~~~~~~~~~~~~~~~~~~~~~~~~~
gcc -o TP1.exe "src\\TP1.o" "src\\funciones.o" 
20:13:39 **** Incremental Build of configuration Debug for project TP1 ****
Info: Internal Builder is used for build
gcc -O0 -g3 -Wall -c -fmessage-length=0 -o "src\\funciones.o" "..\\src\\funciones.c" 
..\src\funciones.c: In function 'ingreseKm':
..\src\funciones.c:114:16: warning: returning 'int *' from a function with return type 'int' makes integer from pointer without a cast [-Wint-conversion]
  114 |         return x;
      |                ^
gcc -O0 -g3 -Wall -c -fmessage-length=0 -o "src\\TP1.o" "..\\src\\TP1.c" 
gcc -o TP1.exe "src\\TP1.o" "src\\funciones.o" 
20:13:48 **** Incremental Build of configuration Debug for project TP1 ****
Info: Internal Builder is used for build
gcc -O0 -g3 -Wall -c -fmessage-length=0 -o "src\\funciones.o" "..\\src\\funciones.c" 
..\src\funciones.c: In function 'ingreseKm':
..\src\funciones.c:114:16: warning: returning 'int **' from a function with return type 'int' makes integer from pointer without a cast [-Wint-conversion]
  114 |         return &x;
      |                ^~
gcc -o TP1.exe "src\\TP1.o" "src\\funciones.o" 
20:13:53 **** Incremental Build of configuration Debug for project TP1 ****
Info: Internal Builder is used for build
gcc -O0 -g3 -Wall -c -fmessage-length=0 -o "src\\funciones.o" "..\\src\\funciones.c" 
gcc -o TP1.exe "src\\TP1.o" "src\\funciones.o" 
Info: Nothing to build for TP1
20:19:50 **** Incremental Build of configuration Debug for project TP1 ****
Info: Internal Builder is used for build
gcc -O0 -g3 -Wall -c -fmessage-length=0 -o "src\\TP1.o" "..\\src\\TP1.c" 
gcc -O0 -g3 -Wall -c -fmessage-length=0 -o "src\\funciones.o" "..\\src\\funciones.c" 
..\src\funciones.c: In function 'menu':
..\src\funciones.c:16:9: warning: unused variable 'flagKm' [-Wunused-variable]
   16 |     int flagKm = 0;
      |         ^~~~~~
..\src\funciones.c: In function 'ingreseKm':
..\src\funciones.c:105:17: warning: format '%d' expects argument of type 'int *', but argument 2 has type 'int' [-Wformat=]
  105 |         scanf("%d", x);
      |                ~^   ~
      |                 |   |
      |                 |   int
      |                 int *
..\src\funciones.c: In function 'menu':
..\src\funciones.c:22:21: warning: 'kilometro' is used uninitialized [-Wuninitialized]
   22 |                     printf("1- Ingresar kilometros: (km = %d)\n",kilometro);
      |                     ^~~~~~~~~~~~~~~~~~~~~~~~~~~~~~~~~~~~~~~~~~~~~~~~~~~~~~~
gcc -o TP1.exe "src\\TP1.o" "src\\funciones.o" 
20:19:57 **** Incremental Build of configuration Debug for project TP1 ****
Info: Internal Builder is used for build
gcc -O0 -g3 -Wall -c -fmessage-length=0 -o "src\\funciones.o" "..\\src\\funciones.c" 
..\src\funciones.c: In function 'menu':
..\src\funciones.c:16:9: warning: unused variable 'flagKm' [-Wunused-variable]
   16 |     int flagKm = 0;
      |         ^~~~~~
..\src\funciones.c:22:21: warning: 'kilometro' is used uninitialized [-Wuninitialized]
   22 |                     printf("1- Ingresar kilometros: (km = %d)\n",kilometro);
      |                     ^~~~~~~~~~~~~~~~~~~~~~~~~~~~~~~~~~~~~~~~~~~~~~~~~~~~~~~
gcc -o TP1.exe "src\\TP1.o" "src\\funciones.o" 
Info: Nothing to build for TP1
Info: Nothing to build for TP1
20:23:56 **** Incremental Build of configuration Debug for project TP1 ****
Info: Internal Builder is used for build
gcc -O0 -g3 -Wall -c -fmessage-length=0 -o "src\\funciones.o" "..\\src\\funciones.c" 
..\src\funciones.c: In function 'menu':
..\src\funciones.c:61:25: warning: 'kilometro' may be used uninitialized [-Wmaybe-uninitialized]
   61 |                         ingreseKm(kilometro);
      |                         ^~~~~~~~~~~~~~~~~~~~
gcc -o TP1.exe "src\\TP1.o" "src\\funciones.o" 
Info: Nothing to build for TP1
Info: Nothing to build for TP1
20:24:37 **** Incremental Build of configuration Debug for project TP1 ****
Info: Internal Builder is used for build
gcc -O0 -g3 -Wall -c -fmessage-length=0 -o "src\\funciones.o" "..\\src\\funciones.c" 
..\src\funciones.c: In function 'menu':
..\src\funciones.c:22:21: warning: 'kilometro' is used uninitialized [-Wuninitialized]
   22 |                     printf("1- Ingresar kilometros: (km = %d)\n",kilometro);
      |                     ^~~~~~~~~~~~~~~~~~~~~~~~~~~~~~~~~~~~~~~~~~~~~~~~~~~~~~~
gcc -o TP1.exe "src\\TP1.o" "src\\funciones.o" 
20:24:56 **** Incremental Build of configuration Debug for project TP1 ****
Info: Internal Builder is used for build
gcc -O0 -g3 -Wall -c -fmessage-length=0 -o "src\\funciones.o" "..\\src\\funciones.c" 
gcc -o TP1.exe "src\\TP1.o" "src\\funciones.o" 
20:25:02 **** Incremental Build of configuration Debug for project TP1 ****
Info: Internal Builder is used for build
gcc -O0 -g3 -Wall -c -fmessage-length=0 -o "src\\funciones.o" "..\\src\\funciones.c" 
gcc -o TP1.exe "src\\TP1.o" "src\\funciones.o" 
Info: Nothing to build for TP1
20:28:03 **** Incremental Build of configuration Debug for project TP1 ****
Info: Internal Builder is used for build
gcc -O0 -g3 -Wall -c -fmessage-length=0 -o "src\\funciones.o" "..\\src\\funciones.c" 
..\src\funciones.c: In function 'menu':
..\src\funciones.c:16:9: warning: unused variable 'flagKm' [-Wunused-variable]
   16 |     int flagKm = 0;
      |         ^~~~~~
gcc -o TP1.exe "src\\TP1.o" "src\\funciones.o" 
20:28:21 **** Incremental Build of configuration Debug for project TP1 ****
Info: Internal Builder is used for build
gcc -O0 -g3 -Wall -c -fmessage-length=0 -o "src\\funciones.o" "..\\src\\funciones.c" 
..\src\funciones.c: In function 'menu':
..\src\funciones.c:61:35: warning: passing argument 1 of 'ingreseKm' makes pointer from integer without a cast [-Wint-conversion]
   61 |                         ingreseKm(kilometro);
      |                                   ^~~~~~~~~
      |                                   |
      |                                   int
In file included from ..\src\funciones.c:10:
..\src\funciones.h:14:20: note: expected 'int *' but argument is of type 'int'
   14 | int ingreseKm(int* x);
      |               ~~~~~^
gcc -O0 -g3 -Wall -c -fmessage-length=0 -o "src\\TP1.o" "..\\src\\TP1.c" 
gcc -o TP1.exe "src\\TP1.o" "src\\funciones.o" 
20:28:29 **** Incremental Build of configuration Debug for project TP1 ****
Info: Internal Builder is used for build
gcc -O0 -g3 -Wall -c -fmessage-length=0 -o "src\\funciones.o" "..\\src\\funciones.c" 
gcc -o TP1.exe "src\\TP1.o" "src\\funciones.o" 
Info: Nothing to build for TP1
Info: Nothing to build for TP1
20:29:27 **** Incremental Build of configuration Debug for project TP1 ****
Info: Internal Builder is used for build
gcc -O0 -g3 -Wall -c -fmessage-length=0 -o "src\\TP1.o" "..\\src\\TP1.c" 
gcc -O0 -g3 -Wall -c -fmessage-length=0 -o "src\\funciones.o" "..\\src\\funciones.c" 
..\src\funciones.c: In function 'menu':
..\src\funciones.c:61:35: warning: passing argument 1 of 'ingreseKm' makes integer from pointer without a cast [-Wint-conversion]
   61 |                         ingreseKm(&kilometro);
      |                                   ^~~~~~~~~~
      |                                   |
      |                                   int *
In file included from ..\src\funciones.c:10:
..\src\funciones.h:14:19: note: expected 'int' but argument is of type 'int *'
   14 | int ingreseKm(int x);
      |               ~~~~^
..\src\funciones.c: In function 'ingreseKm':
..\src\funciones.c:105:25: warning: format '%d' expects argument of type 'int *', but argument 2 has type 'int' [-Wformat=]
  105 |                 scanf("%d", x);
      |                        ~^   ~
      |                         |   |
      |                         |   int
      |                         int *
gcc -o TP1.exe "src\\TP1.o" "src\\funciones.o" 
20:29:35 **** Incremental Build of configuration Debug for project TP1 ****
Info: Internal Builder is used for build
gcc -O0 -g3 -Wall -c -fmessage-length=0 -o "src\\funciones.o" "..\\src\\funciones.c" 
..\src\funciones.c: In function 'menu':
..\src\funciones.c:61:35: warning: passing argument 1 of 'ingreseKm' makes integer from pointer without a cast [-Wint-conversion]
   61 |                         ingreseKm(&kilometro);
      |                                   ^~~~~~~~~~
      |                                   |
      |                                   int *
In file included from ..\src\funciones.c:10:
..\src\funciones.h:14:19: note: expected 'int' but argument is of type 'int *'
   14 | int ingreseKm(int x);
      |               ~~~~^
gcc -o TP1.exe "src\\TP1.o" "src\\funciones.o" 
20:29:40 **** Incremental Build of configuration Debug for project TP1 ****
Info: Internal Builder is used for build
gcc -O0 -g3 -Wall -c -fmessage-length=0 -o "src\\funciones.o" "..\\src\\funciones.c" 
gcc -o TP1.exe "src\\TP1.o" "src\\funciones.o" 
Info: Nothing to build for TP1
20:34:23 **** Incremental Build of configuration Debug for project TP1 ****
Info: Internal Builder is used for build
gcc -O0 -g3 -Wall -c -fmessage-length=0 -o "src\\TP1.o" "..\\src\\TP1.c" 
gcc -O0 -g3 -Wall -c -fmessage-length=0 -o "src\\funciones.o" "..\\src\\funciones.c" 
..\src\funciones.c: In function 'ingreseKm':
..\src\funciones.c:137:25: warning: format '%d' expects argument of type 'int *', but argument 2 has type 'int' [-Wformat=]
  137 |                 scanf("%d", x);
      |                        ~^   ~
      |                         |   |
      |                         |   int
      |                         int *
gcc -o TP1.exe "src\\TP1.o" "src\\funciones.o" 
c:/mingw/bin/../lib/gcc/x86_64-w64-mingw32/11.1.0/../../../../x86_64-w64-mingw32/bin/ld.exe: cannot open output file TP1.exe: Permission denied
collect2.exe: error: ld returned 1 exit status
20:34:30 **** Incremental Build of configuration Debug for project TP1 ****
Info: Internal Builder is used for build
gcc -O0 -g3 -Wall -c -fmessage-length=0 -o "src\\funciones.o" "..\\src\\funciones.c" 
gcc -o TP1.exe "src\\TP1.o" "src\\funciones.o" 
c:/mingw/bin/../lib/gcc/x86_64-w64-mingw32/11.1.0/../../../../x86_64-w64-mingw32/bin/ld.exe: cannot open output file TP1.exe: Permission denied
collect2.exe: error: ld returned 1 exit status
20:34:32 **** Incremental Build of configuration Debug for project TP1 ****
Info: Internal Builder is used for build
gcc -o TP1.exe "src\\TP1.o" "src\\funciones.o" 
20:35:03 **** Incremental Build of configuration Debug for project TP1 ****
Info: Internal Builder is used for build
gcc -O0 -g3 -Wall -c -fmessage-length=0 -o "src\\funciones.o" "..\\src\\funciones.c" 
..\src\funciones.c: In function 'ingreseKm':
..\src\funciones.c:134:17: warning: comparison between pointer and integer
  134 |         if(okey != NULL)
      |                 ^~
gcc -o TP1.exe "src\\TP1.o" "src\\funciones.o" 
Info: Nothing to build for TP1
20:35:11 **** Incremental Build of configuration Debug for project TP1 ****
Info: Internal Builder is used for build
gcc -O0 -g3 -Wall -c -fmessage-length=0 -o "src\\funciones.o" "..\\src\\funciones.c" 
gcc -o TP1.exe "src\\TP1.o" "src\\funciones.o" 
Info: Nothing to build for TP1
20:35:29 **** Incremental Build of configuration Debug for project TP1 ****
Info: Internal Builder is used for build
gcc -O0 -g3 -Wall -c -fmessage-length=0 -o "src\\funciones.o" "..\\src\\funciones.c" 
..\src\funciones.c: In function 'ingreseKm':
..\src\funciones.c:142:20: warning: left-hand operand of comma expression has no effect [-Wunused-value]
  142 |         return okey, x;
      |                    ^
gcc -o TP1.exe "src\\TP1.o" "src\\funciones.o" 
20:35:42 **** Incremental Build of configuration Debug for project TP1 ****
Info: Internal Builder is used for build
gcc -O0 -g3 -Wall -c -fmessage-length=0 -o "src\\funciones.o" "..\\src\\funciones.c" 
..\src\funciones.c: In function 'ingreseKm':
..\src\funciones.c:132:13: warning: variable 'okey' set but not used [-Wunused-but-set-variable]
  132 |         int okey = 0;
      |             ^~~~
gcc -o TP1.exe "src\\TP1.o" "src\\funciones.o" 
20:36:14 **** Incremental Build of configuration Debug for project TP1 ****
Info: Internal Builder is used for build
gcc -O0 -g3 -Wall -c -fmessage-length=0 -o "src\\funciones.o" "..\\src\\funciones.c" 
..\src\funciones.c: In function 'ingreseKm':
..\src\funciones.c:142:17: error: 'pFLag' undeclared (first use in this function); did you mean 'pFlag'?
  142 |         return *pFLag;
      |                 ^~~~~
      |                 pFlag
..\src\funciones.c:142:17: note: each undeclared identifier is reported only once for each function it appears in
..\src\funciones.c:132:13: warning: variable 'okey' set but not used [-Wunused-but-set-variable]
  132 |         int okey = 0;
      |             ^~~~
..\src\funciones.c:143:1: warning: control reaches end of non-void function [-Wreturn-type]
  143 | }
      | ^
20:36:23 **** Incremental Build of configuration Debug for project TP1 ****
Info: Internal Builder is used for build
gcc -O0 -g3 -Wall -c -fmessage-length=0 -o "src\\funciones.o" "..\\src\\funciones.c" 
..\src\funciones.c: In function 'ingreseKm':
..\src\funciones.c:132:13: warning: variable 'okey' set but not used [-Wunused-but-set-variable]
  132 |         int okey = 0;
      |             ^~~~
gcc -o TP1.exe "src\\TP1.o" "src\\funciones.o" 
20:36:36 **** Incremental Build of configuration Debug for project TP1 ****
Info: Internal Builder is used for build
gcc -O0 -g3 -Wall -c -fmessage-length=0 -o "src\\funciones.o" "..\\src\\funciones.c" 
gcc -o TP1.exe "src\\TP1.o" "src\\funciones.o" 
Info: Nothing to build for TP1
20:56:35 **** Incremental Build of configuration Debug for project TP1 ****
Info: Internal Builder is used for build
gcc -O0 -g3 -Wall -c -fmessage-length=0 -o "src\\TP1.o" "..\\src\\TP1.c" 
gcc -O0 -g3 -Wall -c -fmessage-length=0 -o "src\\funciones.o" "..\\src\\funciones.c" 
gcc -o TP1.exe "src\\TP1.o" "src\\funciones.o" 
Info: Nothing to build for TP1
21:02:33 **** Incremental Build of configuration Debug for project TP1 ****
Info: Internal Builder is used for build
gcc -O0 -g3 -Wall -c -fmessage-length=0 -o "src\\funciones.o" "..\\src\\funciones.c" 
gcc -o TP1.exe "src\\TP1.o" "src\\funciones.o" 
Info: Nothing to build for TP1
21:03:27 **** Incremental Build of configuration Debug for project TP1 ****
Info: Internal Builder is used for build
gcc -O0 -g3 -Wall -c -fmessage-length=0 -o "src\\funciones.o" "..\\src\\funciones.c" 
gcc -o TP1.exe "src\\TP1.o" "src\\funciones.o" 
Info: Nothing to build for TP1
21:05:06 **** Incremental Build of configuration Debug for project TP1 ****
Info: Internal Builder is used for build
gcc -O0 -g3 -Wall -c -fmessage-length=0 -o "src\\funciones.o" "..\\src\\funciones.c" 
gcc -O0 -g3 -Wall -c -fmessage-length=0 -o "src\\TP1.o" "..\\src\\TP1.c" 
gcc -o TP1.exe "src\\TP1.o" "src\\funciones.o" 
Info: Nothing to build for TP1
21:05:32 **** Incremental Build of configuration Debug for project TP1 ****
Info: Internal Builder is used for build
gcc -O0 -g3 -Wall -c -fmessage-length=0 -o "src\\funciones.o" "..\\src\\funciones.c" 
..\src\funciones.c: In function 'menu':
..\src\funciones.c:91:43: warning: passing argument 2 of 'ingreseKm' makes integer from pointer without a cast [-Wint-conversion]
   91 |                         ingreseKm(&flagKm,&kilometro);
      |                                           ^~~~~~~~~~
      |                                           |
      |                                           int *
In file included from ..\src\funciones.c:10:
..\src\funciones.h:14:31: note: expected 'int' but argument is of type 'int *'
   14 | int ingreseKm(int* pFlag, int x);
      |                           ~~~~^
..\src\funciones.c: At top level:
..\src\funciones.c:139:5: error: conflicting types for 'ingreseKm'; have 'int(int *, int *)'
  139 | int ingreseKm(int* pFlag,int* x)
      |     ^~~~~~~~~
In file included from ..\src\funciones.c:10:
..\src\funciones.h:14:5: note: previous declaration of 'ingreseKm' with type 'int(int *, int)'
   14 | int ingreseKm(int* pFlag, int x);
      |     ^~~~~~~~~
21:05:40 **** Incremental Build of configuration Debug for project TP1 ****
Info: Internal Builder is used for build
gcc -O0 -g3 -Wall -c -fmessage-length=0 -o "src\\TP1.o" "..\\src\\TP1.c" 
gcc -O0 -g3 -Wall -c -fmessage-length=0 -o "src\\funciones.o" "..\\src\\funciones.c" 
gcc -o TP1.exe "src\\TP1.o" "src\\funciones.o" 
Info: Nothing to build for TP1
21:06:18 **** Incremental Build of configuration Debug for project TP1 ****
Info: Internal Builder is used for build
gcc -O0 -g3 -Wall -c -fmessage-length=0 -o "src\\funciones.o" "..\\src\\funciones.c" 
gcc -o TP1.exe "src\\TP1.o" "src\\funciones.o" 
Info: Nothing to build for TP1
Info: Nothing to build for TP1
Info: Nothing to build for TP1
Info: Nothing to build for TP1
23:47:20 **** Incremental Build of configuration Debug for project TP1 ****
Info: Internal Builder is used for build
gcc -O0 -g3 -Wall -c -fmessage-length=0 -o "src\\funciones.o" "..\\src\\funciones.c" 
..\src\funciones.c: In function 'menu':
..\src\funciones.c:124:25: warning: implicit declaration of function 'ingreseVuelos' [-Wimplicit-function-declaration]
  124 |                         ingreseVuelos(flagKm, &flagVuelos, &precioAero, &precioLatam);
      |                         ^~~~~~~~~~~~~
..\src\funciones.c: In function 'calcularCostos':
..\src\funciones.c:193:5: error: expected expression before '}' token
  193 |     }
      |     ^
..\src\funciones.c:195:32: error: expected ';' before '}' token
  195 |         printf("Primero debe ")
      |                                ^
      |                                ;
  196 |     }
      |     ~                           
..\src\funciones.c:186:9: warning: variable 'rInteres' set but not used [-Wunused-but-set-variable]
  186 |     int rInteres;
      |         ^~~~~~~~
..\src\funciones.c:185:9: warning: variable 'rDescuento' set but not used [-Wunused-but-set-variable]
  185 |     int rDescuento;
      |         ^~~~~~~~~~
..\src\funciones.c:197:1: warning: control reaches end of non-void function [-Wreturn-type]
  197 | }
      | ^
00:02:42 **** Incremental Build of configuration Debug for project TP1 ****
Info: Internal Builder is used for build
gcc -O0 -g3 -Wall -c -fmessage-length=0 -o "src\\funciones.o" "..\\src\\funciones.c" 
..\src\funciones.c: In function 'menu':
..\src\funciones.c:124:25: warning: implicit declaration of function 'ingreseVuelos' [-Wimplicit-function-declaration]
  124 |                         ingreseVuelos(flagKm, &flagVuelos, &precioAero, &precioLatam);
      |                         ^~~~~~~~~~~~~
..\src\funciones.c: In function 'calcularCostos':
..\src\funciones.c:199:32: warning: too many arguments for format [-Wformat-extra-args]
  199 |                         printf("Descuento del 10 por ciento: ", rDescuento);
      |                                ^~~~~~~~~~~~~~~~~~~~~~~~~~~~~~~
..\src\funciones.c:200:32: warning: too many arguments for format [-Wformat-extra-args]
  200 |                         printf("Interes del 25 por ciento: ", rInteres);
      |                                ^~~~~~~~~~~~~~~~~~~~~~~~~~~~~
gcc -o TP1.exe "src\\TP1.o" "src\\funciones.o" 
00:08:40 **** Incremental Build of configuration Debug for project TP1 ****
Info: Internal Builder is used for build
gcc -O0 -g3 -Wall -c -fmessage-length=0 -o "src\\TP1.o" "..\\src\\TP1.c" 
gcc -O0 -g3 -Wall -c -fmessage-length=0 -o "src\\funciones.o" "..\\src\\funciones.c" 
..\src\funciones.c: In function 'menu':
..\src\funciones.c:125:25: warning: implicit declaration of function 'ingreseVuelos' [-Wimplicit-function-declaration]
  125 |                         ingreseVuelos(flagKm, &flagVuelos, &precioAero, &precioLatam);
      |                         ^~~~~~~~~~~~~
..\src\funciones.c:128:60: warning: passing argument 3 of 'calcularCostos' makes pointer from integer without a cast [-Wint-conversion]
  128 |                         calcularCostos(flagKm, flagVuelos, flagCalculos, precioAero, precioLatam);
      |                                                            ^~~~~~~~~~~~
      |                                                            |
      |                                                            int
In file included from ..\src\funciones.c:10:
..\src\funciones.h:15:52: note: expected 'int *' but argument is of type 'int'
   15 | int calcularCostos(int flagKm, int flagVuelos,int* pFlag,int y, int z);
      |                                               ~~~~~^~~~~
..\src\funciones.c: In function 'calcularCostos':
..\src\funciones.c:205:32: warning: too many arguments for format [-Wformat-extra-args]
  205 |                         printf("Descuento del 10 por ciento AEREOLINEAS: &d", rDescuentoAero);
      |                                ^~~~~~~~~~~~~~~~~~~~~~~~~~~~~~~~~~~~~~~~~~~~~
..\src\funciones.c:206:32: warning: too many arguments for format [-Wformat-extra-args]
  206 |                         printf("Interes del 25 por ciento AEREOLINEAS: &d", rInteresAero);
      |                                ^~~~~~~~~~~~~~~~~~~~~~~~~~~~~~~~~~~~~~~~~~~
..\src\funciones.c:208:32: warning: too many arguments for format [-Wformat-extra-args]
  208 |                         printf("Descuento del 10 por ciento AEREOLINEAS: &d", rDescuentoLatam);
      |                                ^~~~~~~~~~~~~~~~~~~~~~~~~~~~~~~~~~~~~~~~~~~~~
..\src\funciones.c:209:40: warning: too many arguments for format [-Wformat-extra-args]
  209 |                                 printf("Interes del 25 por ciento AEREOLINEAS: &d", rInteresLatam);
      |                                        ^~~~~~~~~~~~~~~~~~~~~~~~~~~~~~~~~~~~~~~~~~~
gcc -o TP1.exe "src\\TP1.o" "src\\funciones.o" 
00:10:16 **** Incremental Build of configuration Debug for project TP1 ****
Info: Internal Builder is used for build
gcc -O0 -g3 -Wall -c -fmessage-length=0 -o "src\\funciones.o" "..\\src\\funciones.c" 
..\src\funciones.c: In function 'menu':
..\src\funciones.c:125:25: warning: implicit declaration of function 'ingreseVuelos' [-Wimplicit-function-declaration]
  125 |                         ingreseVuelos(flagKm, &flagVuelos, &precioAero, &precioLatam);
      |                         ^~~~~~~~~~~~~
..\src\funciones.c:128:60: warning: passing argument 3 of 'calcularCostos' makes pointer from integer without a cast [-Wint-conversion]
  128 |                         calcularCostos(flagKm, flagVuelos, flagCalculos, precioAero, precioLatam);
      |                                                            ^~~~~~~~~~~~
      |                                                            |
      |                                                            int
In file included from ..\src\funciones.c:10:
..\src\funciones.h:15:52: note: expected 'int *' but argument is of type 'int'
   15 | int calcularCostos(int flagKm, int flagVuelos,int* pFlag,int y, int z);
      |                                               ~~~~~^~~~~
..\src\funciones.c: At top level:
..\src\funciones.c:187:5: error: conflicting types for 'calcularCostos'; have 'int(int,  int,  int *, float,  float)'
  187 | int calcularCostos(int flagKm, int flagVuelos,int* pFlag,float y, float z)
      |     ^~~~~~~~~~~~~~
In file included from ..\src\funciones.c:10:
..\src\funciones.h:15:5: note: previous declaration of 'calcularCostos' with type 'int(int,  int,  int *, int,  int)'
   15 | int calcularCostos(int flagKm, int flagVuelos,int* pFlag,int y, int z);
      |     ^~~~~~~~~~~~~~
00:10:42 **** Incremental Build of configuration Debug for project TP1 ****
Info: Internal Builder is used for build
gcc -O0 -g3 -Wall -c -fmessage-length=0 -o "src\\TP1.o" "..\\src\\TP1.c" 
gcc -O0 -g3 -Wall -c -fmessage-length=0 -o "src\\funciones.o" "..\\src\\funciones.c" 
..\src\funciones.c: In function 'menu':
..\src\funciones.c:125:25: warning: implicit declaration of function 'ingreseVuelos' [-Wimplicit-function-declaration]
  125 |                         ingreseVuelos(flagKm, &flagVuelos, &precioAero, &precioLatam);
      |                         ^~~~~~~~~~~~~
..\src\funciones.c:128:60: warning: passing argument 3 of 'calcularCostos' makes pointer from integer without a cast [-Wint-conversion]
  128 |                         calcularCostos(flagKm, flagVuelos, flagCalculos, precioAero, precioLatam);
      |                                                            ^~~~~~~~~~~~
      |                                                            |
      |                                                            int
In file included from ..\src\funciones.c:10:
..\src\funciones.h:15:52: note: expected 'int *' but argument is of type 'int'
   15 | int calcularCostos(int flagKm, int flagVuelos,int* pFlag,float y, float z);
      |                                               ~~~~~^~~~~
gcc -o TP1.exe "src\\TP1.o" "src\\funciones.o" 
00:12:03 **** Incremental Build of configuration Debug for project TP1 ****
Info: Internal Builder is used for build
gcc -O0 -g3 -Wall -c -fmessage-length=0 -o "src\\TP1.o" "..\\src\\TP1.c" 
gcc -O0 -g3 -Wall -c -fmessage-length=0 -o "src\\funciones.o" "..\\src\\funciones.c" 
..\src\funciones.c: In function 'menu':
..\src\funciones.c:125:25: warning: implicit declaration of function 'ingreseVuelos' [-Wimplicit-function-declaration]
  125 |                         ingreseVuelos(flagKm, &flagVuelos, &precioAero, &precioLatam);
      |                         ^~~~~~~~~~~~~
..\src\funciones.c:128:60: warning: passing argument 3 of 'calcularCostos' makes pointer from integer without a cast [-Wint-conversion]
  128 |                         calcularCostos(flagKm, flagVuelos, flagCalculos, precioAero, precioLatam);
      |                                                            ^~~~~~~~~~~~
      |                                                            |
      |                                                            int
In file included from ..\src\funciones.c:10:
..\src\funciones.h:15:52: note: expected 'int *' but argument is of type 'int'
   15 | int calcularCostos(int flagKm, int flagVuelos,int* pFlag,float y, float z);
      |                                               ~~~~~^~~~~
gcc -o TP1.exe "src\\TP1.o" "src\\funciones.o" 
00:12:34 **** Incremental Build of configuration Debug for project TP1 ****
Info: Internal Builder is used for build
gcc -O0 -g3 -Wall -c -fmessage-length=0 -o "src\\funciones.o" "..\\src\\funciones.c" 
..\src\funciones.c: In function 'menu':
..\src\funciones.c:128:60: warning: passing argument 3 of 'calcularCostos' makes pointer from integer without a cast [-Wint-conversion]
  128 |                         calcularCostos(flagKm, flagVuelos, flagCalculos, precioAero, precioLatam);
      |                                                            ^~~~~~~~~~~~
      |                                                            |
      |                                                            int
In file included from ..\src\funciones.c:10:
..\src\funciones.h:16:52: note: expected 'int *' but argument is of type 'int'
   16 | int calcularCostos(int flagKm, int flagVuelos,int* pFlag,float y, float z);
      |                                               ~~~~~^~~~~
gcc -O0 -g3 -Wall -c -fmessage-length=0 -o "src\\TP1.o" "..\\src\\TP1.c" 
gcc -o TP1.exe "src\\TP1.o" "src\\funciones.o" 
00:12:50 **** Incremental Build of configuration Debug for project TP1 ****
Info: Internal Builder is used for build
gcc -O0 -g3 -Wall -c -fmessage-length=0 -o "src\\funciones.o" "..\\src\\funciones.c" 
gcc -o TP1.exe "src\\TP1.o" "src\\funciones.o" 
Info: Nothing to build for TP1
00:14:19 **** Incremental Build of configuration Debug for project TP1 ****
Info: Internal Builder is used for build
gcc -O0 -g3 -Wall -c -fmessage-length=0 -o "src\\funciones.o" "..\\src\\funciones.c" 
gcc -o TP1.exe "src\\TP1.o" "src\\funciones.o" 
Info: Nothing to build for TP1
00:15:39 **** Incremental Build of configuration Debug for project TP1 ****
Info: Internal Builder is used for build
gcc -O0 -g3 -Wall -c -fmessage-length=0 -o "src\\funciones.o" "..\\src\\funciones.c" 
gcc -o TP1.exe "src\\TP1.o" "src\\funciones.o" 
Info: Nothing to build for TP1
00:17:58 **** Incremental Build of configuration Debug for project TP1 ****
Info: Internal Builder is used for build
gcc -O0 -g3 -Wall -c -fmessage-length=0 -o "src\\funciones.o" "..\\src\\funciones.c" 
gcc -o TP1.exe "src\\TP1.o" "src\\funciones.o" 
Info: Nothing to build for TP1
00:20:31 **** Incremental Build of configuration Debug for project TP1 ****
Info: Internal Builder is used for build
gcc -O0 -g3 -Wall -c -fmessage-length=0 -o "src\\funciones.o" "..\\src\\funciones.c" 
gcc -o TP1.exe "src\\TP1.o" "src\\funciones.o" 
Info: Nothing to build for TP1
03:12:51 **** Incremental Build of configuration Debug for project TP1 ****
Info: Internal Builder is used for build
gcc -O0 -g3 -Wall -c -fmessage-length=0 -o "src\\TP1.o" "..\\src\\TP1.c" 
gcc -O0 -g3 -Wall -c -fmessage-length=0 -o "src\\funciones.o" "..\\src\\funciones.c" 
gcc -o TP1.exe "src\\TP1.o" "src\\funciones.o" 
Info: Nothing to build for TP1
03:15:00 **** Incremental Build of configuration Debug for project TP1 ****
Info: Internal Builder is used for build
gcc -O0 -g3 -Wall -c -fmessage-length=0 -o "src\\funciones.o" "..\\src\\funciones.c" 
gcc -o TP1.exe "src\\TP1.o" "src\\funciones.o" 
Info: Nothing to build for TP1
03:35:48 **** Incremental Build of configuration Debug for project TP1 ****
Info: Internal Builder is used for build
gcc -O0 -g3 -Wall -c -fmessage-length=0 -o "src\\funciones.o" "..\\src\\funciones.c" 
..\src\funciones.c: In function 'calcularCostos':
..\src\funciones.c:195:15: warning: unused variable 'rBitcoinLatam' [-Wunused-variable]
  195 |         float rBitcoinLatam;
      |               ^~~~~~~~~~~~~
gcc -o TP1.exe "src\\TP1.o" "src\\funciones.o" 
03:35:56 **** Incremental Build of configuration Debug for project TP1 ****
Info: Internal Builder is used for build
gcc -O0 -g3 -Wall -c -fmessage-length=0 -o "src\\funciones.o" "..\\src\\funciones.c" 
gcc -o TP1.exe "src\\TP1.o" "src\\funciones.o" 
Info: Nothing to build for TP1
03:38:38 **** Incremental Build of configuration Debug for project TP1 ****
Info: Internal Builder is used for build
gcc -O0 -g3 -Wall -c -fmessage-length=0 -o "src\\funciones.o" "..\\src\\funciones.c" 
gcc -o TP1.exe "src\\TP1.o" "src\\funciones.o" 
Info: Nothing to build for TP1
03:44:02 **** Incremental Build of configuration Debug for project TP1 ****
Info: Internal Builder is used for build
gcc -O0 -g3 -Wall -c -fmessage-length=0 -o "src\\funciones.o" "..\\src\\funciones.c" 
gcc -o TP1.exe "src\\TP1.o" "src\\funciones.o" 
Info: Nothing to build for TP1
03:46:32 **** Incremental Build of configuration Debug for project TP1 ****
Info: Internal Builder is used for build
gcc -O0 -g3 -Wall -c -fmessage-length=0 -o "src\\funciones.o" "..\\src\\funciones.c" 
gcc -o TP1.exe "src\\TP1.o" "src\\funciones.o" 
Info: Nothing to build for TP1
04:46:31 **** Incremental Build of configuration Debug for project TP1 ****
Info: Internal Builder is used for build
gcc -O0 -g3 -Wall -c -fmessage-length=0 -o "src\\funciones.o" "..\\src\\funciones.c" 
..\src\funciones.c: In function 'menu':
..\src\funciones.c:126:111: error: incompatible type for argument 7 of 'calcularCostos'
  126 |                         calcularCostos(flagKm, flagVuelos, &flagCalculos, precioAero, precioLatam, kilometro, &rDescuentoA, &rDescuentoL, &rInteresA,
      |                                                                                                               ^~~~~~~~~~~~
      |                                                                                                               |
      |                                                                                                               float *
In file included from ..\src\funciones.c:10:
..\src\funciones.h:16:89: note: expected 'float' but argument is of type 'float *'
   16 | int calcularCostos(int flagKm, int flagVuelos,int* pFlag,float y, float z, int x, float rDescuentoAero,float rInteresAero, float rDescuentoLatam, float rInteresLatam, float rBitcoinAero, float rBitcoinLatam, float precioUnitarioAero, float precioUnitarioLatam, float difPrecio);
      |                                                                                   ~~~~~~^~~~~~~~~~~~~~
..\src\funciones.c:126:125: error: incompatible type for argument 8 of 'calcularCostos'
  126 |                         calcularCostos(flagKm, flagVuelos, &flagCalculos, precioAero, precioLatam, kilometro, &rDescuentoA, &rDescuentoL, &rInteresA,
      |                                                                                                                             ^~~~~~~~~~~~
      |                                                                                                                             |
      |                                                                                                                             float *
In file included from ..\src\funciones.c:10:
..\src\funciones.h:16:110: note: expected 'float' but argument is of type 'float *'
   16 | int calcularCostos(int flagKm, int flagVuelos,int* pFlag,float y, float z, int x, float rDescuentoAero,float rInteresAero, float rDescuentoLatam, float rInteresLatam, float rBitcoinAero, float rBitcoinLatam, float precioUnitarioAero, float precioUnitarioLatam, float difPrecio);
      |                                                                                                        ~~~~~~^~~~~~~~~~~~
..\src\funciones.c:126:139: error: incompatible type for argument 9 of 'calcularCostos'
  126 |                         calcularCostos(flagKm, flagVuelos, &flagCalculos, precioAero, precioLatam, kilometro, &rDescuentoA, &rDescuentoL, &rInteresA,
      |                                                                                                                                           ^~~~~~~~~~
      |                                                                                                                                           |
      |                                                                                                                                           float *
In file included from ..\src\funciones.c:10:
..\src\funciones.h:16:130: note: expected 'float' but argument is of type 'float *'
   16 | int calcularCostos(int flagKm, int flagVuelos,int* pFlag,float y, float z, int x, float rDescuentoAero,float rInteresAero, float rDescuentoLatam, float rInteresLatam, float rBitcoinAero, float rBitcoinLatam, float precioUnitarioAero, float precioUnitarioLatam, float difPrecio);
      |                                                                                                                            ~~~~~~^~~~~~~~~~~~~~~
..\src\funciones.c:127:41: error: incompatible type for argument 10 of 'calcularCostos'
  127 |                                         &rInteresL, &rBitcoinA, &rBitcoinL, &precioUnitarioA, &precioUnitarioL, &diferenciaPrecio);
      |                                         ^~~~~~~~~~
      |                                         |
      |                                         float *
In file included from ..\src\funciones.c:10:
..\src\funciones.h:16:153: note: expected 'float' but argument is of type 'float *'
   16 | int calcularCostos(int flagKm, int flagVuelos,int* pFlag,float y, float z, int x, float rDescuentoAero,float rInteresAero, float rDescuentoLatam, float rInteresLatam, float rBitcoinAero, float rBitcoinLatam, float precioUnitarioAero, float precioUnitarioLatam, float difPrecio);
      |                                                                                                                                                   ~~~~~~^~~~~~~~~~~~~
..\src\funciones.c:127:53: error: incompatible type for argument 11 of 'calcularCostos'
  127 |                                         &rInteresL, &rBitcoinA, &rBitcoinL, &precioUnitarioA, &precioUnitarioL, &diferenciaPrecio);
      |                                                     ^~~~~~~~~~
      |                                                     |
      |                                                     float *
In file included from ..\src\funciones.c:10:
..\src\funciones.h:16:174: note: expected 'float' but argument is of type 'float *'
   16 | int calcularCostos(int flagKm, int flagVuelos,int* pFlag,float y, float z, int x, float rDescuentoAero,float rInteresAero, float rDescuentoLatam, float rInteresLatam, float rBitcoinAero, float rBitcoinLatam, float precioUnitarioAero, float precioUnitarioLatam, float difPrecio);
      |                                                                                                                                                                        ~~~~~~^~~~~~~~~~~~
..\src\funciones.c:127:65: error: incompatible type for argument 12 of 'calcularCostos'
  127 |                                         &rInteresL, &rBitcoinA, &rBitcoinL, &precioUnitarioA, &precioUnitarioL, &diferenciaPrecio);
      |                                                                 ^~~~~~~~~~
      |                                                                 |
      |                                                                 float *
In file included from ..\src\funciones.c:10:
..\src\funciones.h:16:194: note: expected 'float' but argument is of type 'float *'
   16 | int calcularCostos(int flagKm, int flagVuelos,int* pFlag,float y, float z, int x, float rDescuentoAero,float rInteresAero, float rDescuentoLatam, float rInteresLatam, float rBitcoinAero, float rBitcoinLatam, float precioUnitarioAero, float precioUnitarioLatam, float difPrecio);
      |                                                                                                                                                                                            ~~~~~~^~~~~~~~~~~~~
..\src\funciones.c:127:77: error: incompatible type for argument 13 of 'calcularCostos'
  127 |                                         &rInteresL, &rBitcoinA, &rBitcoinL, &precioUnitarioA, &precioUnitarioL, &diferenciaPrecio);
      |                                                                             ^~~~~~~~~~~~~~~~
      |                                                                             |
      |                                                                             float *
In file included from ..\src\funciones.c:10:
..\src\funciones.h:16:215: note: expected 'float' but argument is of type 'float *'
   16 | int calcularCostos(int flagKm, int flagVuelos,int* pFlag,float y, float z, int x, float rDescuentoAero,float rInteresAero, float rDescuentoLatam, float rInteresLatam, float rBitcoinAero, float rBitcoinLatam, float precioUnitarioAero, float precioUnitarioLatam, float difPrecio);
      |                                                                                                                                                                                                                 ~~~~~~^~~~~~~~~~~~~~~~~~
..\src\funciones.c:127:95: error: incompatible type for argument 14 of 'calcularCostos'
  127 |                                         &rInteresL, &rBitcoinA, &rBitcoinL, &precioUnitarioA, &precioUnitarioL, &diferenciaPrecio);
      |                                                                                               ^~~~~~~~~~~~~~~~
      |                                                                                               |
      |                                                                                               float *
In file included from ..\src\funciones.c:10:
..\src\funciones.h:16:241: note: expected 'float' but argument is of type 'float *'
   16 | int calcularCostos(int flagKm, int flagVuelos,int* pFlag,float y, float z, int x, float rDescuentoAero,float rInteresAero, float rDescuentoLatam, float rInteresLatam, float rBitcoinAero, float rBitcoinLatam, float precioUnitarioAero, float precioUnitarioLatam, float difPrecio);
      |                                                                                                                                                                                                                                           ~~~~~~^~~~~~~~~~~~~~~~~~~
..\src\funciones.c:127:113: error: incompatible type for argument 15 of 'calcularCostos'
  127 |                                         &rInteresL, &rBitcoinA, &rBitcoinL, &precioUnitarioA, &precioUnitarioL, &diferenciaPrecio);
      |                                                                                                                 ^~~~~~~~~~~~~~~~~
      |                                                                                                                 |
      |                                                                                                                 float *
In file included from ..\src\funciones.c:10:
..\src\funciones.h:16:268: note: expected 'float' but argument is of type 'float *'
   16 | int calcularCostos(int flagKm, int flagVuelos,int* pFlag,float y, float z, int x, float rDescuentoAero,float rInteresAero, float rDescuentoLatam, float rInteresLatam, float rBitcoinAero, float rBitcoinLatam, float precioUnitarioAero, float precioUnitarioLatam, float difPrecio);
      |                                                                                                                                                                                                                                                                      ~~~~~~^~~~~~~~~
..\src\funciones.c: At top level:
..\src\funciones.c:187:5: error: conflicting types for 'calcularCostos'; have 'int(int,  int,  int *, float,  float,  int,  float *, float *, float *, float *, float *, float *, float *, float *, float *)'
  187 | int calcularCostos(int flagKm, int flagVuelos,int* pFlag,float y, float z, int x, float* rDescuentoAero,float* rInteresAero,
      |     ^~~~~~~~~~~~~~
In file included from ..\src\funciones.c:10:
..\src\funciones.h:16:5: note: previous declaration of 'calcularCostos' with type 'int(int,  int,  int *, float,  float,  int,  float,  float,  float,  float,  float,  float,  float,  float,  float)'
   16 | int calcularCostos(int flagKm, int flagVuelos,int* pFlag,float y, float z, int x, float rDescuentoAero,float rInteresAero, float rDescuentoLatam, float rInteresLatam, float rBitcoinAero, float rBitcoinLatam, float precioUnitarioAero, float precioUnitarioLatam, float difPrecio);
      |     ^~~~~~~~~~~~~~
..\src\funciones.c: In function 'calcularCostos':
..\src\funciones.c:196:42: error: incompatible types when assigning to type 'float *' from type 'float'
  196 |                         rDescuentoAero = y - (10 * y / 100);
      |                                          ^
..\src\funciones.c:197:40: error: incompatible types when assigning to type 'float *' from type 'double'
  197 |                         rInteresAero = y * 0.25 + y;
      |                                        ^
..\src\funciones.c:198:43: error: incompatible types when assigning to type 'float *' from type 'float'
  198 |                         rDescuentoLatam = y - (10 * z / 100);
      |                                           ^
..\src\funciones.c:199:41: error: incompatible types when assigning to type 'float *' from type 'double'
  199 |                         rInteresLatam = z * 0.25 + z;
      |                                         ^
..\src\funciones.c:200:40: error: incompatible types when assigning to type 'float *' from type 'double'
  200 |                         rBitcoinAero = y / 4572550.12;
      |                                        ^
..\src\funciones.c:201:41: error: incompatible types when assigning to type 'float *' from type 'double'
  201 |                         rBitcoinLatam = z / 4572550.12;
      |                                         ^
..\src\funciones.c:202:46: error: incompatible types when assigning to type 'float *' from type 'float'
  202 |                         precioUnitarioAero = y / (float)x;
      |                                              ^
..\src\funciones.c:203:47: error: incompatible types when assigning to type 'float *' from type 'float'
  203 |                         precioUnitarioLatam = z / (float) x;
      |                                               ^
..\src\funciones.c:206:45: error: incompatible types when assigning to type 'float *' from type 'float'
  206 |                                 difPrecio = z - y;
      |                                             ^
..\src\funciones.c:210:45: error: incompatible types when assigning to type 'float *' from type 'float'
  210 |                                 difPrecio = y - z;
      |                                             ^
04:46:53 **** Incremental Build of configuration Debug for project TP1 ****
Info: Internal Builder is used for build
gcc -O0 -g3 -Wall -c -fmessage-length=0 -o "src\\TP1.o" "..\\src\\TP1.c" 
gcc -O0 -g3 -Wall -c -fmessage-length=0 -o "src\\funciones.o" "..\\src\\funciones.c" 
..\src\funciones.c: In function 'menu':
..\src\funciones.c:126:111: error: incompatible type for argument 7 of 'calcularCostos'
  126 |                         calcularCostos(flagKm, flagVuelos, &flagCalculos, precioAero, precioLatam, kilometro, &rDescuentoA, &rDescuentoL, &rInteresA,
      |                                                                                                               ^~~~~~~~~~~~
      |                                                                                                               |
      |                                                                                                               float *
In file included from ..\src\funciones.c:10:
..\src\funciones.h:16:89: note: expected 'float' but argument is of type 'float *'
   16 | int calcularCostos(int flagKm, int flagVuelos,int* pFlag,float y, float z, int x, float rDescuentoAero,float rInteresAero, float rDescuentoLatam, float rInteresLatam, float rBitcoinAero, float rBitcoinLatam, float precioUnitarioAero, float precioUnitarioLatam, float difPrecio);
      |                                                                                   ~~~~~~^~~~~~~~~~~~~~
..\src\funciones.c:126:125: error: incompatible type for argument 8 of 'calcularCostos'
  126 |                         calcularCostos(flagKm, flagVuelos, &flagCalculos, precioAero, precioLatam, kilometro, &rDescuentoA, &rDescuentoL, &rInteresA,
      |                                                                                                                             ^~~~~~~~~~~~
      |                                                                                                                             |
      |                                                                                                                             float *
In file included from ..\src\funciones.c:10:
..\src\funciones.h:16:110: note: expected 'float' but argument is of type 'float *'
   16 | int calcularCostos(int flagKm, int flagVuelos,int* pFlag,float y, float z, int x, float rDescuentoAero,float rInteresAero, float rDescuentoLatam, float rInteresLatam, float rBitcoinAero, float rBitcoinLatam, float precioUnitarioAero, float precioUnitarioLatam, float difPrecio);
      |                                                                                                        ~~~~~~^~~~~~~~~~~~
..\src\funciones.c:126:139: error: incompatible type for argument 9 of 'calcularCostos'
  126 |                         calcularCostos(flagKm, flagVuelos, &flagCalculos, precioAero, precioLatam, kilometro, &rDescuentoA, &rDescuentoL, &rInteresA,
      |                                                                                                                                           ^~~~~~~~~~
      |                                                                                                                                           |
      |                                                                                                                                           float *
In file included from ..\src\funciones.c:10:
..\src\funciones.h:16:130: note: expected 'float' but argument is of type 'float *'
   16 | int calcularCostos(int flagKm, int flagVuelos,int* pFlag,float y, float z, int x, float rDescuentoAero,float rInteresAero, float rDescuentoLatam, float rInteresLatam, float rBitcoinAero, float rBitcoinLatam, float precioUnitarioAero, float precioUnitarioLatam, float difPrecio);
      |                                                                                                                            ~~~~~~^~~~~~~~~~~~~~~
..\src\funciones.c:127:41: error: incompatible type for argument 10 of 'calcularCostos'
  127 |                                         &rInteresL, &rBitcoinA, &rBitcoinL, &precioUnitarioA, &precioUnitarioL, &diferenciaPrecio);
      |                                         ^~~~~~~~~~
      |                                         |
      |                                         float *
In file included from ..\src\funciones.c:10:
..\src\funciones.h:16:153: note: expected 'float' but argument is of type 'float *'
   16 | int calcularCostos(int flagKm, int flagVuelos,int* pFlag,float y, float z, int x, float rDescuentoAero,float rInteresAero, float rDescuentoLatam, float rInteresLatam, float rBitcoinAero, float rBitcoinLatam, float precioUnitarioAero, float precioUnitarioLatam, float difPrecio);
      |                                                                                                                                                   ~~~~~~^~~~~~~~~~~~~
..\src\funciones.c:127:53: error: incompatible type for argument 11 of 'calcularCostos'
  127 |                                         &rInteresL, &rBitcoinA, &rBitcoinL, &precioUnitarioA, &precioUnitarioL, &diferenciaPrecio);
      |                                                     ^~~~~~~~~~
      |                                                     |
      |                                                     float *
In file included from ..\src\funciones.c:10:
..\src\funciones.h:16:174: note: expected 'float' but argument is of type 'float *'
   16 | int calcularCostos(int flagKm, int flagVuelos,int* pFlag,float y, float z, int x, float rDescuentoAero,float rInteresAero, float rDescuentoLatam, float rInteresLatam, float rBitcoinAero, float rBitcoinLatam, float precioUnitarioAero, float precioUnitarioLatam, float difPrecio);
      |                                                                                                                                                                        ~~~~~~^~~~~~~~~~~~
..\src\funciones.c:127:65: error: incompatible type for argument 12 of 'calcularCostos'
  127 |                                         &rInteresL, &rBitcoinA, &rBitcoinL, &precioUnitarioA, &precioUnitarioL, &diferenciaPrecio);
      |                                                                 ^~~~~~~~~~
      |                                                                 |
      |                                                                 float *
In file included from ..\src\funciones.c:10:
..\src\funciones.h:16:194: note: expected 'float' but argument is of type 'float *'
   16 | int calcularCostos(int flagKm, int flagVuelos,int* pFlag,float y, float z, int x, float rDescuentoAero,float rInteresAero, float rDescuentoLatam, float rInteresLatam, float rBitcoinAero, float rBitcoinLatam, float precioUnitarioAero, float precioUnitarioLatam, float difPrecio);
      |                                                                                                                                                                                            ~~~~~~^~~~~~~~~~~~~
..\src\funciones.c:127:77: error: incompatible type for argument 13 of 'calcularCostos'
  127 |                                         &rInteresL, &rBitcoinA, &rBitcoinL, &precioUnitarioA, &precioUnitarioL, &diferenciaPrecio);
      |                                                                             ^~~~~~~~~~~~~~~~
      |                                                                             |
      |                                                                             float *
In file included from ..\src\funciones.c:10:
..\src\funciones.h:16:215: note: expected 'float' but argument is of type 'float *'
   16 | int calcularCostos(int flagKm, int flagVuelos,int* pFlag,float y, float z, int x, float rDescuentoAero,float rInteresAero, float rDescuentoLatam, float rInteresLatam, float rBitcoinAero, float rBitcoinLatam, float precioUnitarioAero, float precioUnitarioLatam, float difPrecio);
      |                                                                                                                                                                                                                 ~~~~~~^~~~~~~~~~~~~~~~~~
..\src\funciones.c:127:95: error: incompatible type for argument 14 of 'calcularCostos'
  127 |                                         &rInteresL, &rBitcoinA, &rBitcoinL, &precioUnitarioA, &precioUnitarioL, &diferenciaPrecio);
      |                                                                                               ^~~~~~~~~~~~~~~~
      |                                                                                               |
      |                                                                                               float *
In file included from ..\src\funciones.c:10:
..\src\funciones.h:16:241: note: expected 'float' but argument is of type 'float *'
   16 | int calcularCostos(int flagKm, int flagVuelos,int* pFlag,float y, float z, int x, float rDescuentoAero,float rInteresAero, float rDescuentoLatam, float rInteresLatam, float rBitcoinAero, float rBitcoinLatam, float precioUnitarioAero, float precioUnitarioLatam, float difPrecio);
      |                                                                                                                                                                                                                                           ~~~~~~^~~~~~~~~~~~~~~~~~~
..\src\funciones.c:127:113: error: incompatible type for argument 15 of 'calcularCostos'
  127 |                                         &rInteresL, &rBitcoinA, &rBitcoinL, &precioUnitarioA, &precioUnitarioL, &diferenciaPrecio);
      |                                                                                                                 ^~~~~~~~~~~~~~~~~
      |                                                                                                                 |
      |                                                                                                                 float *
In file included from ..\src\funciones.c:10:
..\src\funciones.h:16:268: note: expected 'float' but argument is of type 'float *'
   16 | int calcularCostos(int flagKm, int flagVuelos,int* pFlag,float y, float z, int x, float rDescuentoAero,float rInteresAero, float rDescuentoLatam, float rInteresLatam, float rBitcoinAero, float rBitcoinLatam, float precioUnitarioAero, float precioUnitarioLatam, float difPrecio);
      |                                                                                                                                                                                                                                                                      ~~~~~~^~~~~~~~~
..\src\funciones.c: At top level:
..\src\funciones.c:187:5: error: conflicting types for 'calcularCostos'; have 'int(int,  int,  int *, float,  float,  int,  float *, float *, float *, float *, float *, float *, float *, float *, float *)'
  187 | int calcularCostos(int flagKm, int flagVuelos,int* pFlag,float y, float z, int x, float* rDescuentoAero,float* rInteresAero,
      |     ^~~~~~~~~~~~~~
In file included from ..\src\funciones.c:10:
..\src\funciones.h:16:5: note: previous declaration of 'calcularCostos' with type 'int(int,  int,  int *, float,  float,  int,  float,  float,  float,  float,  float,  float,  float,  float,  float)'
   16 | int calcularCostos(int flagKm, int flagVuelos,int* pFlag,float y, float z, int x, float rDescuentoAero,float rInteresAero, float rDescuentoLatam, float rInteresLatam, float rBitcoinAero, float rBitcoinLatam, float precioUnitarioAero, float precioUnitarioLatam, float difPrecio);
      |     ^~~~~~~~~~~~~~
..\src\funciones.c: In function 'calcularCostos':
..\src\funciones.c:206:45: error: incompatible types when assigning to type 'float *' from type 'float'
  206 |                                 difPrecio = z - y;
      |                                             ^
..\src\funciones.c:210:45: error: incompatible types when assigning to type 'float *' from type 'float'
  210 |                                 difPrecio = y - z;
      |                                             ^
04:47:02 **** Incremental Build of configuration Debug for project TP1 ****
Info: Internal Builder is used for build
gcc -O0 -g3 -Wall -c -fmessage-length=0 -o "src\\funciones.o" "..\\src\\funciones.c" 
..\src\funciones.c: In function 'menu':
..\src\funciones.c:126:111: error: incompatible type for argument 7 of 'calcularCostos'
  126 |                         calcularCostos(flagKm, flagVuelos, &flagCalculos, precioAero, precioLatam, kilometro, &rDescuentoA, &rDescuentoL, &rInteresA,
      |                                                                                                               ^~~~~~~~~~~~
      |                                                                                                               |
      |                                                                                                               float *
In file included from ..\src\funciones.c:10:
..\src\funciones.h:16:89: note: expected 'float' but argument is of type 'float *'
   16 | int calcularCostos(int flagKm, int flagVuelos,int* pFlag,float y, float z, int x, float rDescuentoAero,float rInteresAero, float rDescuentoLatam, float rInteresLatam, float rBitcoinAero, float rBitcoinLatam, float precioUnitarioAero, float precioUnitarioLatam, float difPrecio);
      |                                                                                   ~~~~~~^~~~~~~~~~~~~~
..\src\funciones.c:126:125: error: incompatible type for argument 8 of 'calcularCostos'
  126 |                         calcularCostos(flagKm, flagVuelos, &flagCalculos, precioAero, precioLatam, kilometro, &rDescuentoA, &rDescuentoL, &rInteresA,
      |                                                                                                                             ^~~~~~~~~~~~
      |                                                                                                                             |
      |                                                                                                                             float *
In file included from ..\src\funciones.c:10:
..\src\funciones.h:16:110: note: expected 'float' but argument is of type 'float *'
   16 | int calcularCostos(int flagKm, int flagVuelos,int* pFlag,float y, float z, int x, float rDescuentoAero,float rInteresAero, float rDescuentoLatam, float rInteresLatam, float rBitcoinAero, float rBitcoinLatam, float precioUnitarioAero, float precioUnitarioLatam, float difPrecio);
      |                                                                                                        ~~~~~~^~~~~~~~~~~~
..\src\funciones.c:126:139: error: incompatible type for argument 9 of 'calcularCostos'
  126 |                         calcularCostos(flagKm, flagVuelos, &flagCalculos, precioAero, precioLatam, kilometro, &rDescuentoA, &rDescuentoL, &rInteresA,
      |                                                                                                                                           ^~~~~~~~~~
      |                                                                                                                                           |
      |                                                                                                                                           float *
In file included from ..\src\funciones.c:10:
..\src\funciones.h:16:130: note: expected 'float' but argument is of type 'float *'
   16 | int calcularCostos(int flagKm, int flagVuelos,int* pFlag,float y, float z, int x, float rDescuentoAero,float rInteresAero, float rDescuentoLatam, float rInteresLatam, float rBitcoinAero, float rBitcoinLatam, float precioUnitarioAero, float precioUnitarioLatam, float difPrecio);
      |                                                                                                                            ~~~~~~^~~~~~~~~~~~~~~
..\src\funciones.c:127:41: error: incompatible type for argument 10 of 'calcularCostos'
  127 |                                         &rInteresL, &rBitcoinA, &rBitcoinL, &precioUnitarioA, &precioUnitarioL, &diferenciaPrecio);
      |                                         ^~~~~~~~~~
      |                                         |
      |                                         float *
In file included from ..\src\funciones.c:10:
..\src\funciones.h:16:153: note: expected 'float' but argument is of type 'float *'
   16 | int calcularCostos(int flagKm, int flagVuelos,int* pFlag,float y, float z, int x, float rDescuentoAero,float rInteresAero, float rDescuentoLatam, float rInteresLatam, float rBitcoinAero, float rBitcoinLatam, float precioUnitarioAero, float precioUnitarioLatam, float difPrecio);
      |                                                                                                                                                   ~~~~~~^~~~~~~~~~~~~
..\src\funciones.c:127:53: error: incompatible type for argument 11 of 'calcularCostos'
  127 |                                         &rInteresL, &rBitcoinA, &rBitcoinL, &precioUnitarioA, &precioUnitarioL, &diferenciaPrecio);
      |                                                     ^~~~~~~~~~
      |                                                     |
      |                                                     float *
In file included from ..\src\funciones.c:10:
..\src\funciones.h:16:174: note: expected 'float' but argument is of type 'float *'
   16 | int calcularCostos(int flagKm, int flagVuelos,int* pFlag,float y, float z, int x, float rDescuentoAero,float rInteresAero, float rDescuentoLatam, float rInteresLatam, float rBitcoinAero, float rBitcoinLatam, float precioUnitarioAero, float precioUnitarioLatam, float difPrecio);
      |                                                                                                                                                                        ~~~~~~^~~~~~~~~~~~
..\src\funciones.c:127:65: error: incompatible type for argument 12 of 'calcularCostos'
  127 |                                         &rInteresL, &rBitcoinA, &rBitcoinL, &precioUnitarioA, &precioUnitarioL, &diferenciaPrecio);
      |                                                                 ^~~~~~~~~~
      |                                                                 |
      |                                                                 float *
In file included from ..\src\funciones.c:10:
..\src\funciones.h:16:194: note: expected 'float' but argument is of type 'float *'
   16 | int calcularCostos(int flagKm, int flagVuelos,int* pFlag,float y, float z, int x, float rDescuentoAero,float rInteresAero, float rDescuentoLatam, float rInteresLatam, float rBitcoinAero, float rBitcoinLatam, float precioUnitarioAero, float precioUnitarioLatam, float difPrecio);
      |                                                                                                                                                                                            ~~~~~~^~~~~~~~~~~~~
..\src\funciones.c:127:77: error: incompatible type for argument 13 of 'calcularCostos'
  127 |                                         &rInteresL, &rBitcoinA, &rBitcoinL, &precioUnitarioA, &precioUnitarioL, &diferenciaPrecio);
      |                                                                             ^~~~~~~~~~~~~~~~
      |                                                                             |
      |                                                                             float *
In file included from ..\src\funciones.c:10:
..\src\funciones.h:16:215: note: expected 'float' but argument is of type 'float *'
   16 | int calcularCostos(int flagKm, int flagVuelos,int* pFlag,float y, float z, int x, float rDescuentoAero,float rInteresAero, float rDescuentoLatam, float rInteresLatam, float rBitcoinAero, float rBitcoinLatam, float precioUnitarioAero, float precioUnitarioLatam, float difPrecio);
      |                                                                                                                                                                                                                 ~~~~~~^~~~~~~~~~~~~~~~~~
..\src\funciones.c:127:95: error: incompatible type for argument 14 of 'calcularCostos'
  127 |                                         &rInteresL, &rBitcoinA, &rBitcoinL, &precioUnitarioA, &precioUnitarioL, &diferenciaPrecio);
      |                                                                                               ^~~~~~~~~~~~~~~~
      |                                                                                               |
      |                                                                                               float *
In file included from ..\src\funciones.c:10:
..\src\funciones.h:16:241: note: expected 'float' but argument is of type 'float *'
   16 | int calcularCostos(int flagKm, int flagVuelos,int* pFlag,float y, float z, int x, float rDescuentoAero,float rInteresAero, float rDescuentoLatam, float rInteresLatam, float rBitcoinAero, float rBitcoinLatam, float precioUnitarioAero, float precioUnitarioLatam, float difPrecio);
      |                                                                                                                                                                                                                                           ~~~~~~^~~~~~~~~~~~~~~~~~~
..\src\funciones.c:127:113: error: incompatible type for argument 15 of 'calcularCostos'
  127 |                                         &rInteresL, &rBitcoinA, &rBitcoinL, &precioUnitarioA, &precioUnitarioL, &diferenciaPrecio);
      |                                                                                                                 ^~~~~~~~~~~~~~~~~
      |                                                                                                                 |
      |                                                                                                                 float *
In file included from ..\src\funciones.c:10:
..\src\funciones.h:16:268: note: expected 'float' but argument is of type 'float *'
   16 | int calcularCostos(int flagKm, int flagVuelos,int* pFlag,float y, float z, int x, float rDescuentoAero,float rInteresAero, float rDescuentoLatam, float rInteresLatam, float rBitcoinAero, float rBitcoinLatam, float precioUnitarioAero, float precioUnitarioLatam, float difPrecio);
      |                                                                                                                                                                                                                                                                      ~~~~~~^~~~~~~~~
..\src\funciones.c: At top level:
..\src\funciones.c:187:5: error: conflicting types for 'calcularCostos'; have 'int(int,  int,  int *, float,  float,  int,  float *, float *, float *, float *, float *, float *, float *, float *, float *)'
  187 | int calcularCostos(int flagKm, int flagVuelos,int* pFlag,float y, float z, int x, float* rDescuentoAero,float* rInteresAero,
      |     ^~~~~~~~~~~~~~
In file included from ..\src\funciones.c:10:
..\src\funciones.h:16:5: note: previous declaration of 'calcularCostos' with type 'int(int,  int,  int *, float,  float,  int,  float,  float,  float,  float,  float,  float,  float,  float,  float)'
   16 | int calcularCostos(int flagKm, int flagVuelos,int* pFlag,float y, float z, int x, float rDescuentoAero,float rInteresAero, float rDescuentoLatam, float rInteresLatam, float rBitcoinAero, float rBitcoinLatam, float precioUnitarioAero, float precioUnitarioLatam, float difPrecio);
      |     ^~~~~~~~~~~~~~
04:47:44 **** Incremental Build of configuration Debug for project TP1 ****
Info: Internal Builder is used for build
gcc -O0 -g3 -Wall -c -fmessage-length=0 -o "src\\funciones.o" "..\\src\\funciones.c" 
..\src\funciones.c: In function 'calcularCostos':
..\src\funciones.c:13:1: error: expected '=', ',', ';', 'asm' or '__attribute__' before '{' token
   13 | {
      | ^
..\src\funciones.c:151:1: error: expected '=', ',', ';', 'asm' or '__attribute__' before '{' token
  151 | {
      | ^
..\src\funciones.c:166:1: error: expected '=', ',', ';', 'asm' or '__attribute__' before '{' token
  166 | {
      | ^
..\src\funciones.c:189:1: error: expected '=', ',', ';', 'asm' or '__attribute__' before '{' token
  189 | {
      | ^
..\src\funciones.c:228:1: error: expected '=', ',', ';', 'asm' or '__attribute__' before '{' token
  228 | {
      | ^
..\src\funciones.c:260:1: error: expected '=', ',', ';', 'asm' or '__attribute__' before '{' token
  260 | {
      | ^
..\src\funciones.c:268:1: error: expected '=', ',', ';', 'asm' or '__attribute__' before '{' token
  268 | {
      | ^
In file included from ..\src\funciones.c:10:
..\src\funciones.h:17:5: error: old-style parameter declarations in prototyped function definition
   17 | int calcularCostos(int flagKm, int flagVuelos,int* pFlag,float y, float z, int x, float* rDescuentoAero,float* rInteresAero,
      |     ^~~~~~~~~~~~~~
..\src\funciones.c:273: error: expected '{' at end of input
..\src\funciones.c:273: warning: control reaches end of non-void function [-Wreturn-type]
04:47:55 **** Incremental Build of configuration Debug for project TP1 ****
Info: Internal Builder is used for build
gcc -O0 -g3 -Wall -c -fmessage-length=0 -o "src\\TP1.o" "..\\src\\TP1.c" 
gcc -O0 -g3 -Wall -c -fmessage-length=0 -o "src\\funciones.o" "..\\src\\funciones.c" 
gcc -o TP1.exe "src\\TP1.o" "src\\funciones.o" 
04:48:23 **** Incremental Build of configuration Debug for project TP1 ****
Info: Internal Builder is used for build
gcc -O0 -g3 -Wall -c -fmessage-length=0 -o "src\\funciones.o" "..\\src\\funciones.c" 
gcc -o TP1.exe "src\\TP1.o" "src\\funciones.o" 
Info: Nothing to build for TP1
Info: Nothing to build for TP1
04:53:16 **** Incremental Build of configuration Debug for project TP1 ****
Info: Internal Builder is used for build
gcc -O0 -g3 -Wall -c -fmessage-length=0 -o "src\\funciones.o" "..\\src\\funciones.c" 
gcc -o TP1.exe "src\\TP1.o" "src\\funciones.o" 
Info: Nothing to build for TP1
04:56:43 **** Incremental Build of configuration Debug for project TP1 ****
Info: Internal Builder is used for build
gcc -O0 -g3 -Wall -c -fmessage-length=0 -o "src\\funciones.o" "..\\src\\funciones.c" 
gcc -o TP1.exe "src\\TP1.o" "src\\funciones.o" 
Info: Nothing to build for TP1
05:13:15 **** Incremental Build of configuration Debug for project TP1 ****
Info: Internal Builder is used for build
gcc -O0 -g3 -Wall -c -fmessage-length=0 -o "src\\TP1.o" "..\\src\\TP1.c" 
gcc -O0 -g3 -Wall -c -fmessage-length=0 -o "src\\funciones.o" "..\\src\\funciones.c" 
gcc -o TP1.exe "src\\TP1.o" "src\\funciones.o" 
Info: Nothing to build for TP1
05:14:00 **** Incremental Build of configuration Debug for project TP1 ****
Info: Internal Builder is used for build
gcc -O0 -g3 -Wall -c -fmessage-length=0 -o "src\\funciones.o" "..\\src\\funciones.c" 
..\src\funciones.c: In function 'menu':
..\src\funciones.c:112:25: warning: implicit declaration of function 'cargarForzada'; did you mean 'cargaForzada'? [-Wimplicit-function-declaration]
  112 |                         cargarForzada();
      |                         ^~~~~~~~~~~~~
      |                         cargaForzada
gcc -o TP1.exe "src\\TP1.o" "src\\funciones.o" 
c:/mingw/bin/../lib/gcc/x86_64-w64-mingw32/11.1.0/../../../../x86_64-w64-mingw32/bin/ld.exe: src\funciones.o: in function `menu':
D:\ESCRITORIO\Facultad\tps_laboratorio\TP1\Debug/../src/funciones.c:112: undefined reference to `cargarForzada'
collect2.exe: error: ld returned 1 exit status
05:14:07 **** Incremental Build of configuration Debug for project TP1 ****
Info: Internal Builder is used for build
gcc -O0 -g3 -Wall -c -fmessage-length=0 -o "src\\funciones.o" "..\\src\\funciones.c" 
gcc -o TP1.exe "src\\TP1.o" "src\\funciones.o" 
Info: Nothing to build for TP1
05:17:47 **** Incremental Build of configuration Debug for project TP1 ****
Info: Internal Builder is used for build
gcc -O0 -g3 -Wall -c -fmessage-length=0 -o "src\\funciones.o" "..\\src\\funciones.c" 
gcc -O0 -g3 -Wall -c -fmessage-length=0 -o "src\\TP1.o" "..\\src\\TP1.c" 
gcc -o TP1.exe "src\\TP1.o" "src\\funciones.o" 
Info: Nothing to build for TP1
06:10:02 **** Incremental Build of configuration Debug for project TP1 ****
Info: Internal Builder is used for build
gcc -O0 -g3 -Wall -c -fmessage-length=0 -o "src\\TP1.o" "..\\src\\TP1.c" 
gcc -O0 -g3 -Wall -c -fmessage-length=0 -o "src\\funciones.o" "..\\src\\funciones.c" 
gcc -o TP1.exe "src\\TP1.o" "src\\funciones.o" 
06:10:20 **** Incremental Build of configuration Debug for project TP1 ****
Info: Internal Builder is used for build
gcc -O0 -g3 -Wall -c -fmessage-length=0 -o "src\\TP1.o" "..\\src\\TP1.c" 
gcc -O0 -g3 -Wall -c -fmessage-length=0 -o "src\\funciones.o" "..\\src\\funciones.c" 
gcc -o TP1.exe "src\\TP1.o" "src\\funciones.o" 
06:11:34 **** Incremental Build of configuration Debug for project TP1 ****
Info: Internal Builder is used for build
gcc -O0 -g3 -Wall -c -fmessage-length=0 -o "src\\funciones.o" "..\\src\\funciones.c" 
gcc -o TP1.exe "src\\TP1.o" "src\\funciones.o" 
06:12:17 **** Incremental Build of configuration Debug for project TP1 ****
Info: Internal Builder is used for build
gcc -O0 -g3 -Wall -c -fmessage-length=0 -o "src\\funciones.o" "..\\src\\funciones.c" 
gcc -o TP1.exe "src\\TP1.o" "src\\funciones.o" 
Info: Nothing to build for TP1
Info: Nothing to build for TP1
Info: Nothing to build for TP1
Info: Nothing to build for TP1
